<?xml version="1.0" encoding="UTF-8"?>
<!-- Generated by org.testng.reporters.JUnitXMLReporter -->
<testsuite ignored="3" hostname="DESKTOP-BQF27I6" failures="2" tests="21" name="Major Regression Test" time="1008.569" errors="0" timestamp="2022-05-03T14:18:36 EDT">
  <testcase classname="testNG.REGISTRATIOnFUNCTIONALITyTEST" name="@BeforeMethod Initialization" time="20.688">
    <failure type="org.openqa.selenium.WebDriverException" message="Timed out waiting for driver server to start.
Build info: version: &amp;apos;3.141.59&amp;apos;, revision: &amp;apos;e82be7d358&amp;apos;, time: &amp;apos;2018-11-14T08:25:48&amp;apos;
System info: host: &amp;apos;DESKTOP-BQF27I6&amp;apos;, ip: &amp;apos;192.168.1.5&amp;apos;, os.name: &amp;apos;Windows 10&amp;apos;, os.arch: &amp;apos;amd64&amp;apos;, os.version: &amp;apos;10.0&amp;apos;, java.version: &amp;apos;16.0.1&amp;apos;
Driver info: driver.version: EdgeDriver">
      <![CDATA[org.openqa.selenium.WebDriverException: Timed out waiting for driver server to start.
Build info: version: '3.141.59', revision: 'e82be7d358', time: '2018-11-14T08:25:48'
System info: host: 'DESKTOP-BQF27I6', ip: '192.168.1.5', os.name: 'Windows 10', os.arch: 'amd64', os.version: '10.0', java.version: '16.0.1'
Driver info: driver.version: EdgeDriver
at org.openqa.selenium.remote.service.DriverService.waitUntilAvailable(DriverService.java:202)
at org.openqa.selenium.remote.service.DriverService.start(DriverService.java:188)
at org.openqa.selenium.remote.service.DriverCommandExecutor.execute(DriverCommandExecutor.java:79)
at org.openqa.selenium.remote.RemoteWebDriver.execute(RemoteWebDriver.java:552)
at org.openqa.selenium.remote.RemoteWebDriver.startSession(RemoteWebDriver.java:213)
at org.openqa.selenium.remote.RemoteWebDriver.<init>(RemoteWebDriver.java:131)
at org.openqa.selenium.edge.EdgeDriver.<init>(EdgeDriver.java:141)
at org.openqa.selenium.edge.EdgeDriver.<init>(EdgeDriver.java:96)
at testNG.REGISTRATIOnFUNCTIONALITyTEST.Initialization(REGISTRATIOnFUNCTIONALITyTEST.java:27)
at java.base/java.util.ArrayList.forEach(ArrayList.java:1511)
Caused by: org.openqa.selenium.net.UrlChecker$TimeoutException: Timed out waiting for [http://localhost:1441/status] to be available after 20003 ms
at org.openqa.selenium.net.UrlChecker.waitUntilAvailable(UrlChecker.java:100)
at org.openqa.selenium.remote.service.DriverService.waitUntilAvailable(DriverService.java:197)
... 40 more
Caused by: java.util.concurrent.TimeoutException
at java.base/java.util.concurrent.FutureTask.get(FutureTask.java:204)
at com.google.common.util.concurrent.SimpleTimeLimiter.callWithTimeout(SimpleTimeLimiter.java:156)
at org.openqa.selenium.net.UrlChecker.waitUntilAvailable(UrlChecker.java:75)
... 41 more
... Removed 31 stack frames]]>
    </failure>
  </testcase> <!-- @BeforeMethod Initialization -->
  <testcase classname="testNG.REGISTRATIOnFUNCTIONALITyTEST" name="@AfterMethod gotohomepage" time="-1.651601753719E9">
    <skipped/>
  </testcase> <!-- @AfterMethod gotohomepage -->
  <testcase classname="testNG.REGISTRATIOnFUNCTIONALITyTEST" name="@BeforeMethod Initialization" time="-1.651601753723E9">
    <skipped/>
  </testcase> <!-- @BeforeMethod Initialization -->
  <testcase classname="testNG.REGISTRATIOnFUNCTIONALITyTEST" name="@AfterMethod gotohomepage" time="-1.651601753733E9">
    <skipped/>
  </testcase> <!-- @AfterMethod gotohomepage -->
  <testcase classname="testNG.AmazonTest" name="CheckingOptionsInDropDrown" time="7.799"/>
  <testcase classname="testNG.AmazonTest" name="ClickingArrowToGetDifferentSlidesOnAPage" time="3.143"/>
  <testcase classname="testNG.AmazonTest" name="EnterDataInTabSearchAndClick" time="15.881"/>
  <testcase classname="testNG.AmazonTest" name="EnterDataInTabSearchandHitEnterKey" time="18.863"/>
  <testcase classname="testNG.AmazonTest" name="WorkingOfRadioButton" time="7.512"/>
  <testcase classname="testNG.FirstTestNGscript" name="Registrationfunctionality" time="0.002"/>
  <testcase classname="testNG.FirstTestNGscript" name="negativeloginfunctionality" time="20.294">
    <failure type="org.openqa.selenium.WebDriverException" message="Timed out waiting for driver server to start.
Build info: version: &amp;apos;3.141.59&amp;apos;, revision: &amp;apos;e82be7d358&amp;apos;, time: &amp;apos;2018-11-14T08:25:48&amp;apos;
System info: host: &amp;apos;DESKTOP-BQF27I6&amp;apos;, ip: &amp;apos;192.168.1.5&amp;apos;, os.name: &amp;apos;Windows 10&amp;apos;, os.arch: &amp;apos;amd64&amp;apos;, os.version: &amp;apos;10.0&amp;apos;, java.version: &amp;apos;16.0.1&amp;apos;
Driver info: driver.version: ChromeDriver">
      <![CDATA[org.openqa.selenium.WebDriverException: Timed out waiting for driver server to start.
Build info: version: '3.141.59', revision: 'e82be7d358', time: '2018-11-14T08:25:48'
System info: host: 'DESKTOP-BQF27I6', ip: '192.168.1.5', os.name: 'Windows 10', os.arch: 'amd64', os.version: '10.0', java.version: '16.0.1'
Driver info: driver.version: ChromeDriver
at org.openqa.selenium.remote.service.DriverService.waitUntilAvailable(DriverService.java:202)
at org.openqa.selenium.remote.service.DriverService.start(DriverService.java:188)
at org.openqa.selenium.remote.service.DriverCommandExecutor.execute(DriverCommandExecutor.java:79)
at org.openqa.selenium.remote.RemoteWebDriver.execute(RemoteWebDriver.java:552)
at org.openqa.selenium.remote.RemoteWebDriver.startSession(RemoteWebDriver.java:213)
at org.openqa.selenium.remote.RemoteWebDriver.<init>(RemoteWebDriver.java:131)
at org.openqa.selenium.chrome.ChromeDriver.<init>(ChromeDriver.java:181)
at org.openqa.selenium.chrome.ChromeDriver.<init>(ChromeDriver.java:168)
at org.openqa.selenium.chrome.ChromeDriver.<init>(ChromeDriver.java:123)
at testNG.FirstTestNGscript.negativeloginfunctionality(FirstTestNGscript.java:68)
at java.base/java.util.ArrayList.forEach(ArrayList.java:1511)
Caused by: org.openqa.selenium.net.UrlChecker$TimeoutException: Timed out waiting for [http://localhost:29142/status] to be available after 20003 ms
at org.openqa.selenium.net.UrlChecker.waitUntilAvailable(UrlChecker.java:100)
at org.openqa.selenium.remote.service.DriverService.waitUntilAvailable(DriverService.java:197)
... 37 more
Caused by: java.util.concurrent.TimeoutException
at java.base/java.util.concurrent.FutureTask.get(FutureTask.java:204)
at com.google.common.util.concurrent.SimpleTimeLimiter.callWithTimeout(SimpleTimeLimiter.java:156)
at org.openqa.selenium.net.UrlChecker.waitUntilAvailable(UrlChecker.java:75)
... 38 more
... Removed 27 stack frames]]>
    </failure>
  </testcase> <!-- negativeloginfunctionality -->
  <testcase classname="testNG.FirstTestNGscript" name="positiveloginfunctionality" time="21.757">
    <failure type="org.openqa.selenium.SessionNotCreatedException" message="session not created: This version of ChromeDriver only supports Chrome version 98
Current browser version is 100.0.4896.127 with binary path C:\Program Files\Google\Chrome\Application\chrome.exe
Build info: version: &amp;apos;3.141.59&amp;apos;, revision: &amp;apos;e82be7d358&amp;apos;, time: &amp;apos;2018-11-14T08:25:48&amp;apos;
System info: host: &amp;apos;DESKTOP-BQF27I6&amp;apos;, ip: &amp;apos;192.168.1.5&amp;apos;, os.name: &amp;apos;Windows 10&amp;apos;, os.arch: &amp;apos;amd64&amp;apos;, os.version: &amp;apos;10.0&amp;apos;, java.version: &amp;apos;16.0.1&amp;apos;
Driver info: driver.version: ChromeDriver
remote stacktrace: Backtrace:
	Ordinal0 [0x008669A3+2582947]
	Ordinal0 [0x007FA6D1+2139857]
	Ordinal0 [0x006F3A98+1063576]
	Ordinal0 [0x007133B8+1192888]
	Ordinal0 [0x0070F235+1176117]
	Ordinal0 [0x0070C9E1+1165793]
	Ordinal0 [0x0073CFFF+1363967]
	Ordinal0 [0x0073CC2A+1362986]
	Ordinal0 [0x00738366+1344358]
	Ordinal0 [0x00715176+1200502]
	Ordinal0 [0x00716066+1204326]
	GetHandleVerifier [0x00A0BE02+1675858]
	GetHandleVerifier [0x00AC036C+2414524]
	GetHandleVerifier [0x008FBB01+560977]
	GetHandleVerifier [0x008FA8D3+556323]
	Ordinal0 [0x0080020E+2163214]
	Ordinal0 [0x00805078+2183288]
	Ordinal0 [0x008051C0+2183616]
	Ordinal0 [0x0080EE1C+2223644]
	BaseThreadInitThunk [0x76E5FA29+25]
	RtlGetAppContainerNamedObjectPath [0x77577A7E+286]
	RtlGetAppContainerNamedObjectPath [0x77577A4E+238]
">
      <![CDATA[org.openqa.selenium.SessionNotCreatedException: session not created: This version of ChromeDriver only supports Chrome version 98
Current browser version is 100.0.4896.127 with binary path C:\Program Files\Google\Chrome\Application\chrome.exe
Build info: version: '3.141.59', revision: 'e82be7d358', time: '2018-11-14T08:25:48'
System info: host: 'DESKTOP-BQF27I6', ip: '192.168.1.5', os.name: 'Windows 10', os.arch: 'amd64', os.version: '10.0', java.version: '16.0.1'
Driver info: driver.version: ChromeDriver
remote stacktrace: Backtrace:
Ordinal0 [0x008669A3+2582947]
Ordinal0 [0x007FA6D1+2139857]
Ordinal0 [0x006F3A98+1063576]
Ordinal0 [0x007133B8+1192888]
Ordinal0 [0x0070F235+1176117]
Ordinal0 [0x0070C9E1+1165793]
Ordinal0 [0x0073CFFF+1363967]
Ordinal0 [0x0073CC2A+1362986]
Ordinal0 [0x00738366+1344358]
Ordinal0 [0x00715176+1200502]
Ordinal0 [0x00716066+1204326]
GetHandleVerifier [0x00A0BE02+1675858]
GetHandleVerifier [0x00AC036C+2414524]
GetHandleVerifier [0x008FBB01+560977]
GetHandleVerifier [0x008FA8D3+556323]
Ordinal0 [0x0080020E+2163214]
Ordinal0 [0x00805078+2183288]
Ordinal0 [0x008051C0+2183616]
Ordinal0 [0x0080EE1C+2223644]
BaseThreadInitThunk [0x76E5FA29+25]
RtlGetAppContainerNamedObjectPath [0x77577A7E+286]
RtlGetAppContainerNamedObjectPath [0x77577A4E+238]

at org.openqa.selenium.remote.W3CHandshakeResponse.lambda$errorHandler$0(W3CHandshakeResponse.java:62)
at org.openqa.selenium.remote.HandshakeResponse.lambda$getResponseFunction$0(HandshakeResponse.java:30)
at org.openqa.selenium.remote.ProtocolHandshake.lambda$createSession$0(ProtocolHandshake.java:126)
at java.base/java.util.stream.ReferencePipeline$3$1.accept(ReferencePipeline.java:197)
at java.base/java.util.Spliterators$ArraySpliterator.tryAdvance(Spliterators.java:958)
at java.base/java.util.stream.ReferencePipeline.forEachWithCancel(ReferencePipeline.java:129)
at java.base/java.util.stream.AbstractPipeline.copyIntoWithCancel(AbstractPipeline.java:502)
at java.base/java.util.stream.AbstractPipeline.copyInto(AbstractPipeline.java:488)
at java.base/java.util.stream.AbstractPipeline.wrapAndCopyInto(AbstractPipeline.java:474)
at java.base/java.util.stream.FindOps$FindOp.evaluateSequential(FindOps.java:150)
at java.base/java.util.stream.AbstractPipeline.evaluate(AbstractPipeline.java:234)
at java.base/java.util.stream.ReferencePipeline.findFirst(ReferencePipeline.java:647)
at org.openqa.selenium.remote.ProtocolHandshake.createSession(ProtocolHandshake.java:128)
at org.openqa.selenium.remote.ProtocolHandshake.createSession(ProtocolHandshake.java:74)
at org.openqa.selenium.remote.HttpCommandExecutor.execute(HttpCommandExecutor.java:136)
at org.openqa.selenium.remote.service.DriverCommandExecutor.execute(DriverCommandExecutor.java:83)
at org.openqa.selenium.remote.RemoteWebDriver.execute(RemoteWebDriver.java:552)
at org.openqa.selenium.remote.RemoteWebDriver.startSession(RemoteWebDriver.java:213)
at org.openqa.selenium.remote.RemoteWebDriver.<init>(RemoteWebDriver.java:131)
at org.openqa.selenium.chrome.ChromeDriver.<init>(ChromeDriver.java:181)
at org.openqa.selenium.chrome.ChromeDriver.<init>(ChromeDriver.java:168)
at org.openqa.selenium.chrome.ChromeDriver.<init>(ChromeDriver.java:123)
at testNG.FirstTestNGscript.positiveloginfunctionality(FirstTestNGscript.java:30)
at java.base/java.util.ArrayList.forEach(ArrayList.java:1511)
... Removed 32 stack frames]]>
    </failure>
  </testcase> <!-- positiveloginfunctionality -->
  <testcase classname="testNG.FlightFeatureTEST" name="FlightFeatureTest1" time="0.49"/>
  <testcase classname="testNG.LOGInFUNCTIONALITyTEST" name="PositiveLogInFunctionalityValidCredentialsTest1" time="2.522"/>
  <testcase classname="testNG.LOGInFUNCTIONALITyTEST" name="PositiveLogInFunctionalityValidCredentialsTest1" time="4.415"/>
  <testcase classname="testNG.LOGInFUNCTIONALITyTEST" name="NegetiveLogInFunctionalityInValidCredentialsTest1" time="6.524"/>
  <testcase classname="testNG.LOGInFUNCTIONALITyTEST" name="NegetiveLogInFunctionalityInValidCredentialsTest1" time="8.321"/>
  <testcase classname="testNG.REGISTRATIOnFUNCTIONALITyTEST" name="NegativeRegistrationFunctionalityWithNoDataAndSubmitTEST1" time="7.384"/>
  <testcase classname="testNG.REGISTRATIOnFUNCTIONALITyTEST" name="NegativeRegistrationFunctionalityWithMismatchDataAndSubmitTEST2" time="6.499"/>
  <testcase classname="testNG.REGISTRATIOnFUNCTIONALITyTEST" name="NegativeRegistrationFunctionalityWithMismatchDataAndSubmitTEST2" time="9.515"/>
  <testcase classname="testNG.REGISTRATIOnFUNCTIONALITyTEST" name="NegativeRegistrationFunctionalityWithMismatchDataAndSubmitTEST2" time="13.413"/>
  <testcase classname="testNG.REGISTRATIOnFUNCTIONALITyTEST" name="NegativeRegistrationFunctionalityWithMismatchDataAndSubmitTEST2" time="9.875"/>
  <testcase classname="testNG.REGISTRATIOnFUNCTIONALITyTEST" name="positiveregistrationfunctionalityClickandValidateTEST1" time="0.416"/>
  <testcase classname="testNG.REGISTRATIOnFUNCTIONALITyTEST" name="positiveRegistrationFunctionalityProvideDataandValidateTEST2" time="0.0">
    <skipped/>
  </testcase> <!-- positiveRegistrationFunctionalityProvideDataandValidateTEST2 -->
  <testcase classname="testNG.REGISTRATIOnFUNCTIONALITyTEST" name="positiveRegistrationFunctionalityProvideDataandValidateTEST2" time="0.0">
    <skipped/>
  </testcase> <!-- positiveRegistrationFunctionalityProvideDataandValidateTEST2 -->
  <testcase classname="testNG.LOGInFUNCTIONALITyTEST" name="NegetiveLogInFunctionalityInValidCredentialsTest2" time="0.0">
    <ignored/>
  </testcase> <!-- NegetiveLogInFunctionalityInValidCredentialsTest2 -->
  <testcase classname="testNG.LOGInFUNCTIONALITyTEST" name="PositiveLogInFunctionalityValidCredentialsTest2" time="0.0">
    <ignored/>
  </testcase> <!-- PositiveLogInFunctionalityValidCredentialsTest2 -->
  <testcase classname="testNG.REGISTRATIOnFUNCTIONALITyTEST" name="NegativeRegistrationFunctionalityWithMismatchDataAndSubmitTEST3" time="0.0">
    <ignored/>
  </testcase> <!-- NegativeRegistrationFunctionalityWithMismatchDataAndSubmitTEST3 -->
</testsuite> <!-- Major Regression Test -->
