<?xml version="1.0" encoding="UTF-8"?>
<!-- Generated by org.testng.reporters.JUnitReportReporter -->
<testsuite hostname="DESKTOP-BQF27I6" failures="0" tests="10" name="testNG.REGISTRATIOnFUNCTIONALITyTEST" time="521.438" errors="1" timestamp="2022-05-03T14:18:47 EDT" skipped="3">
  <testcase classname="testNG.REGISTRATIOnFUNCTIONALITyTEST" name="NegativeRegistrationFunctionalityWithMismatchDataAndSubmitTEST2" time="69.862"/>
  <system-out/>
  <testcase classname="testNG.REGISTRATIOnFUNCTIONALITyTEST" name="Initialization" time="91.070">
    <error message="Timed out waiting for driver server to start.
Build info: version: &#039;3.141.59&#039;, revision: &#039;e82be7d358&#039;, time: &#039;2018-11-14T08:25:48&#039;
System info: host: &#039;DESKTOP-BQF27I6&#039;, ip: &#039;192.168.1.5&#039;, os.name: &#039;Windows 10&#039;, os.arch: &#039;amd64&#039;, os.version: &#039;10.0&#039;, java.version: &#039;16.0.1&#039;
Driver info: driver.version: EdgeDriver" type="org.openqa.selenium.WebDriverException">
      <![CDATA[org.openqa.selenium.WebDriverException: Timed out waiting for driver server to start.
Build info: version: '3.141.59', revision: 'e82be7d358', time: '2018-11-14T08:25:48'
System info: host: 'DESKTOP-BQF27I6', ip: '192.168.1.5', os.name: 'Windows 10', os.arch: 'amd64', os.version: '10.0', java.version: '16.0.1'
Driver info: driver.version: EdgeDriver
at org.openqa.selenium.remote.service.DriverService.waitUntilAvailable(DriverService.java:202)
at org.openqa.selenium.remote.service.DriverService.start(DriverService.java:188)
at org.openqa.selenium.remote.service.DriverCommandExecutor.execute(DriverCommandExecutor.java:79)
at org.openqa.selenium.remote.RemoteWebDriver.execute(RemoteWebDriver.java:552)
at org.openqa.selenium.remote.RemoteWebDriver.startSession(RemoteWebDriver.java:213)
at org.openqa.selenium.remote.RemoteWebDriver.<init>(RemoteWebDriver.java:131)
at org.openqa.selenium.edge.EdgeDriver.<init>(EdgeDriver.java:141)
at org.openqa.selenium.edge.EdgeDriver.<init>(EdgeDriver.java:96)
at testNG.REGISTRATIOnFUNCTIONALITyTEST.Initialization(REGISTRATIOnFUNCTIONALITyTEST.java:27)
at java.base/jdk.internal.reflect.NativeMethodAccessorImpl.invoke0(Native Method)
at java.base/jdk.internal.reflect.NativeMethodAccessorImpl.invoke(NativeMethodAccessorImpl.java:78)
at java.base/jdk.internal.reflect.DelegatingMethodAccessorImpl.invoke(DelegatingMethodAccessorImpl.java:43)
at java.base/java.lang.reflect.Method.invoke(Method.java:567)
at org.testng.internal.MethodInvocationHelper.invokeMethod(MethodInvocationHelper.java:133)
at org.testng.internal.MethodInvocationHelper.invokeMethodConsideringTimeout(MethodInvocationHelper.java:62)
at org.testng.internal.ConfigInvoker.invokeConfigurationMethod(ConfigInvoker.java:385)
at org.testng.internal.ConfigInvoker.invokeConfigurations(ConfigInvoker.java:321)
at org.testng.internal.TestInvoker.runConfigMethods(TestInvoker.java:700)
at org.testng.internal.TestInvoker.invokeMethod(TestInvoker.java:527)
at org.testng.internal.TestInvoker.invokeTestMethod(TestInvoker.java:173)
at org.testng.internal.MethodRunner.runInSequence(MethodRunner.java:46)
at org.testng.internal.TestInvoker$MethodInvocationAgent.invoke(TestInvoker.java:824)
at org.testng.internal.TestInvoker.invokeTestMethods(TestInvoker.java:146)
at org.testng.internal.TestMethodWorker.invokeTestMethods(TestMethodWorker.java:146)
at org.testng.internal.TestMethodWorker.run(TestMethodWorker.java:128)
at java.base/java.util.ArrayList.forEach(ArrayList.java:1511)
at org.testng.TestRunner.privateRun(TestRunner.java:794)
at org.testng.TestRunner.run(TestRunner.java:596)
at org.testng.SuiteRunner.runTest(SuiteRunner.java:377)
at org.testng.SuiteRunner.runSequentially(SuiteRunner.java:371)
at org.testng.SuiteRunner.privateRun(SuiteRunner.java:332)
at org.testng.SuiteRunner.run(SuiteRunner.java:276)
at org.testng.SuiteRunnerWorker.runSuite(SuiteRunnerWorker.java:53)
at org.testng.SuiteRunnerWorker.run(SuiteRunnerWorker.java:96)
at org.testng.TestNG.runSuitesSequentially(TestNG.java:1212)
at org.testng.TestNG.runSuitesLocally(TestNG.java:1134)
at org.testng.TestNG.runSuites(TestNG.java:1063)
at org.testng.TestNG.run(TestNG.java:1031)
at org.testng.remote.AbstractRemoteTestNG.run(AbstractRemoteTestNG.java:115)
at org.testng.remote.RemoteTestNG.initAndRun(RemoteTestNG.java:251)
at org.testng.remote.RemoteTestNG.main(RemoteTestNG.java:77)
Caused by: org.openqa.selenium.net.UrlChecker$TimeoutException: Timed out waiting for [http://localhost:1441/status] to be available after 20003 ms
at org.openqa.selenium.net.UrlChecker.waitUntilAvailable(UrlChecker.java:100)
at org.openqa.selenium.remote.service.DriverService.waitUntilAvailable(DriverService.java:197)
... 40 more
Caused by: java.util.concurrent.TimeoutException
at java.base/java.util.concurrent.FutureTask.get(FutureTask.java:204)
at com.google.common.util.concurrent.SimpleTimeLimiter.callWithTimeout(SimpleTimeLimiter.java:156)
at org.openqa.selenium.net.UrlChecker.waitUntilAvailable(UrlChecker.java:75)
... 41 more
]]>
    </error>
  </testcase> <!-- Initialization -->
  <system-out/>
  <testcase classname="testNG.REGISTRATIOnFUNCTIONALITyTEST" name="positiveregistrationfunctionalityClickandValidateTEST1" time="46.908"/>
  <system-out/>
  <testcase classname="testNG.REGISTRATIOnFUNCTIONALITyTEST" name="NegativeRegistrationFunctionalityWithNoDataAndSubmitTEST1" time="111.305"/>
  <system-out/>
  <testcase classname="testNG.REGISTRATIOnFUNCTIONALITyTEST" name="NegativeRegistrationFunctionalityWithMismatchDataAndSubmitTEST2" time="92.792"/>
  <system-out/>
  <testcase classname="testNG.REGISTRATIOnFUNCTIONALITyTEST" name="NegativeRegistrationFunctionalityWithMismatchDataAndSubmitTEST2" time="99.626"/>
  <system-out/>
  <testcase classname="testNG.REGISTRATIOnFUNCTIONALITyTEST" name="NegativeRegistrationFunctionalityWithMismatchDataAndSubmitTEST2" time="9.875"/>
  <system-out/>
  <testcase classname="testNG.REGISTRATIOnFUNCTIONALITyTEST" name="positiveRegistrationFunctionalityProvideDataandValidateTEST2" time="0.000">
    <skipped/>
  </testcase> <!-- positiveRegistrationFunctionalityProvideDataandValidateTEST2 -->
  <system-out/>
  <testcase classname="testNG.REGISTRATIOnFUNCTIONALITyTEST" name="positiveRegistrationFunctionalityProvideDataandValidateTEST2" time="0.000">
    <skipped/>
  </testcase> <!-- positiveRegistrationFunctionalityProvideDataandValidateTEST2 -->
  <system-out/>
  <testcase classname="testNG.REGISTRATIOnFUNCTIONALITyTEST" name="NegativeRegistrationFunctionalityWithMismatchDataAndSubmitTEST3">
    <skipped/>
  </testcase> <!-- NegativeRegistrationFunctionalityWithMismatchDataAndSubmitTEST3 -->
  <system-out/>
</testsuite> <!-- testNG.REGISTRATIOnFUNCTIONALITyTEST -->
